<?xml version="1.0" encoding="UTF-8"?>
<coverage generated="1635966164">
  <project timestamp="1635966164">
    <file name="C:\Users\votto\Documents\Git\CM2305-28\about.php">
      <line num="1" type="stmt" count="0"/>
      <line num="6" type="stmt" count="0"/>
      <metrics loc="6" ncloc="6" classes="0" methods="0" coveredmethods="0" conditionals="0" coveredconditionals="0" statements="2" coveredstatements="0" elements="2" coveredelements="0"/>
    </file>
    <file name="C:\Users\votto\Documents\Git\CM2305-28\api\test\website\Test.php">
      <class name="UnitTestFiles\Test\FirstTest" namespace="global">
        <metrics complexity="1" methods="1" coveredmethods="0" conditionals="0" coveredconditionals="0" statements="3" coveredstatements="0" elements="4" coveredelements="0"/>
      </class>
      <line num="13" type="method" name="testTrueAssetsToTrue" visibility="public" complexity="1" crap="2" count="0"/>
      <line num="15" type="stmt" count="0"/>
      <line num="16" type="stmt" count="0"/>
      <line num="17" type="stmt" count="0"/>
      <metrics loc="18" ncloc="14" classes="1" methods="1" coveredmethods="0" conditionals="0" coveredconditionals="0" statements="3" coveredstatements="0" elements="4" coveredelements="0"/>
    </file>
    <file name="C:\Users\votto\Documents\Git\CM2305-28\contact.php">
      <line num="1" type="stmt" count="0"/>
      <line num="6" type="stmt" count="0"/>
      <metrics loc="6" ncloc="6" classes="0" methods="0" coveredmethods="0" conditionals="0" coveredconditionals="0" statements="2" coveredstatements="0" elements="2" coveredelements="0"/>
    </file>
    <file name="C:\Users\votto\Documents\Git\CM2305-28\footer.php">
      <line num="1" type="stmt" count="0"/>
      <metrics loc="49" ncloc="49" classes="0" methods="0" coveredmethods="0" conditionals="0" coveredconditionals="0" statements="1" coveredstatements="0" elements="1" coveredelements="0"/>
    </file>
    <file name="C:\Users\votto\Documents\Git\CM2305-28\header.php">
      <line num="1" type="stmt" count="0"/>
      <line num="11" type="stmt" count="0"/>
      <line num="12" type="stmt" count="0"/>
      <metrics loc="14" ncloc="14" classes="0" methods="0" coveredmethods="0" conditionals="0" coveredconditionals="0" statements="3" coveredstatements="0" elements="3" coveredelements="0"/>
    </file>
    <file name="C:\Users\votto\Documents\Git\CM2305-28\index.php">
      <line num="1" type="stmt" count="0"/>
      <line num="20" type="stmt" count="0"/>
      <metrics loc="20" ncloc="20" classes="0" methods="0" coveredmethods="0" conditionals="0" coveredconditionals="0" statements="2" coveredstatements="0" elements="2" coveredelements="0"/>
    </file>
    <file name="C:\Users\votto\Documents\Git\CM2305-28\login.php">
      <line num="1" type="stmt" count="0"/>
      <line num="44" type="stmt" count="0"/>
      <metrics loc="44" ncloc="44" classes="0" methods="0" coveredmethods="0" conditionals="0" coveredconditionals="0" statements="2" coveredstatements="0" elements="2" coveredelements="0"/>
    </file>
    <file name="C:\Users\votto\Documents\Git\CM2305-28\navbar.php">
      <line num="1" type="stmt" count="0"/>
      <metrics loc="13" ncloc="13" classes="0" methods="0" coveredmethods="0" conditionals="0" coveredconditionals="0" statements="1" coveredstatements="0" elements="1" coveredelements="0"/>
    </file>
    <file name="C:\Users\votto\Documents\Git\CM2305-28\register.php">
      <line num="1" type="stmt" count="0"/>
      <line num="43" type="stmt" count="0"/>
      <metrics loc="43" ncloc="43" classes="0" methods="0" coveredmethods="0" conditionals="0" coveredconditionals="0" statements="2" coveredstatements="0" elements="2" coveredelements="0"/>
    </file>
    <metrics files="9" loc="213" ncloc="209" classes="1" methods="1" coveredmethods="0" conditionals="0" coveredconditionals="0" statements="18" coveredstatements="0" elements="19" coveredelements="0"/>
  </project>
</coverage>
